<?xml version="1.0" encoding="UTF-8"?>
<testsuite xmlns:xsi="http://www.w3.org/2001/XMLSchema-instance" xsi:noNamespaceSchemaLocation="https://maven.apache.org/surefire/maven-surefire-plugin/xsd/surefire-test-report.xsd" name="com.example.springboot.SpringBoot06DataMybatisApplicationTests" time="8.305" tests="1" errors="0" skipped="0" failures="0">
  <properties>
    <property name="sun.desktop" value="windows"/>
    <property name="awt.toolkit" value="sun.awt.windows.WToolkit"/>
    <property name="file.encoding.pkg" value="sun.io"/>
    <property name="java.specification.version" value="1.8"/>
    <property name="sun.cpu.isalist" value="amd64"/>
    <property name="sun.jnu.encoding" value="GBK"/>
    <property name="java.class.path" value="C:\Users\user2019\Desktop\个人笔记文档\springboot学习笔记\springboot视频项目\spring-boot-06-data-mybatis\target\test-classes;C:\Users\user2019\Desktop\个人笔记文档\springboot学习笔记\springboot视频项目\spring-boot-06-data-mybatis\target\classes;D:\software\maven\apache-maven-3.6.1\Repository\org\springframework\boot\spring-boot-starter-jdbc\2.1.6.RELEASE\spring-boot-starter-jdbc-2.1.6.RELEASE.jar;D:\software\maven\apache-maven-3.6.1\Repository\org\springframework\boot\spring-boot-starter\2.1.6.RELEASE\spring-boot-starter-2.1.6.RELEASE.jar;D:\software\maven\apache-maven-3.6.1\Repository\org\springframework\boot\spring-boot\2.1.6.RELEASE\spring-boot-2.1.6.RELEASE.jar;D:\software\maven\apache-maven-3.6.1\Repository\org\springframework\boot\spring-boot-autoconfigure\2.1.6.RELEASE\spring-boot-autoconfigure-2.1.6.RELEASE.jar;D:\software\maven\apache-maven-3.6.1\Repository\org\springframework\boot\spring-boot-starter-logging\2.1.6.RELEASE\spring-boot-starter-logging-2.1.6.RELEASE.jar;D:\software\maven\apache-maven-3.6.1\Repository\ch\qos\logback\logback-classic\1.2.3\logback-classic-1.2.3.jar;D:\software\maven\apache-maven-3.6.1\Repository\ch\qos\logback\logback-core\1.2.3\logback-core-1.2.3.jar;D:\software\maven\apache-maven-3.6.1\Repository\org\apache\logging\log4j\log4j-to-slf4j\2.11.2\log4j-to-slf4j-2.11.2.jar;D:\software\maven\apache-maven-3.6.1\Repository\org\apache\logging\log4j\log4j-api\2.11.2\log4j-api-2.11.2.jar;D:\software\maven\apache-maven-3.6.1\Repository\org\slf4j\jul-to-slf4j\1.7.26\jul-to-slf4j-1.7.26.jar;D:\software\maven\apache-maven-3.6.1\Repository\javax\annotation\javax.annotation-api\1.3.2\javax.annotation-api-1.3.2.jar;D:\software\maven\apache-maven-3.6.1\Repository\org\yaml\snakeyaml\1.23\snakeyaml-1.23.jar;D:\software\maven\apache-maven-3.6.1\Repository\com\zaxxer\HikariCP\3.2.0\HikariCP-3.2.0.jar;D:\software\maven\apache-maven-3.6.1\Repository\org\slf4j\slf4j-api\1.7.26\slf4j-api-1.7.26.jar;D:\software\maven\apache-maven-3.6.1\Repository\org\springframework\spring-jdbc\5.1.8.RELEASE\spring-jdbc-5.1.8.RELEASE.jar;D:\software\maven\apache-maven-3.6.1\Repository\org\springframework\spring-beans\5.1.8.RELEASE\spring-beans-5.1.8.RELEASE.jar;D:\software\maven\apache-maven-3.6.1\Repository\org\springframework\spring-tx\5.1.8.RELEASE\spring-tx-5.1.8.RELEASE.jar;D:\software\maven\apache-maven-3.6.1\Repository\org\springframework\boot\spring-boot-starter-web\2.1.6.RELEASE\spring-boot-starter-web-2.1.6.RELEASE.jar;D:\software\maven\apache-maven-3.6.1\Repository\org\springframework\boot\spring-boot-starter-json\2.1.6.RELEASE\spring-boot-starter-json-2.1.6.RELEASE.jar;D:\software\maven\apache-maven-3.6.1\Repository\com\fasterxml\jackson\core\jackson-databind\2.9.9\jackson-databind-2.9.9.jar;D:\software\maven\apache-maven-3.6.1\Repository\com\fasterxml\jackson\core\jackson-annotations\2.9.0\jackson-annotations-2.9.0.jar;D:\software\maven\apache-maven-3.6.1\Repository\com\fasterxml\jackson\core\jackson-core\2.9.9\jackson-core-2.9.9.jar;D:\software\maven\apache-maven-3.6.1\Repository\com\fasterxml\jackson\datatype\jackson-datatype-jdk8\2.9.9\jackson-datatype-jdk8-2.9.9.jar;D:\software\maven\apache-maven-3.6.1\Repository\com\fasterxml\jackson\datatype\jackson-datatype-jsr310\2.9.9\jackson-datatype-jsr310-2.9.9.jar;D:\software\maven\apache-maven-3.6.1\Repository\com\fasterxml\jackson\module\jackson-module-parameter-names\2.9.9\jackson-module-parameter-names-2.9.9.jar;D:\software\maven\apache-maven-3.6.1\Repository\org\springframework\boot\spring-boot-starter-tomcat\2.1.6.RELEASE\spring-boot-starter-tomcat-2.1.6.RELEASE.jar;D:\software\maven\apache-maven-3.6.1\Repository\org\apache\tomcat\embed\tomcat-embed-core\9.0.21\tomcat-embed-core-9.0.21.jar;D:\software\maven\apache-maven-3.6.1\Repository\org\apache\tomcat\embed\tomcat-embed-el\9.0.21\tomcat-embed-el-9.0.21.jar;D:\software\maven\apache-maven-3.6.1\Repository\org\apache\tomcat\embed\tomcat-embed-websocket\9.0.21\tomcat-embed-websocket-9.0.21.jar;D:\software\maven\apache-maven-3.6.1\Repository\org\hibernate\validator\hibernate-validator\6.0.17.Final\hibernate-validator-6.0.17.Final.jar;D:\software\maven\apache-maven-3.6.1\Repository\javax\validation\validation-api\2.0.1.Final\validation-api-2.0.1.Final.jar;D:\software\maven\apache-maven-3.6.1\Repository\org\jboss\logging\jboss-logging\3.3.2.Final\jboss-logging-3.3.2.Final.jar;D:\software\maven\apache-maven-3.6.1\Repository\com\fasterxml\classmate\1.4.0\classmate-1.4.0.jar;D:\software\maven\apache-maven-3.6.1\Repository\org\springframework\spring-web\5.1.8.RELEASE\spring-web-5.1.8.RELEASE.jar;D:\software\maven\apache-maven-3.6.1\Repository\org\springframework\spring-webmvc\5.1.8.RELEASE\spring-webmvc-5.1.8.RELEASE.jar;D:\software\maven\apache-maven-3.6.1\Repository\org\springframework\spring-aop\5.1.8.RELEASE\spring-aop-5.1.8.RELEASE.jar;D:\software\maven\apache-maven-3.6.1\Repository\org\springframework\spring-context\5.1.8.RELEASE\spring-context-5.1.8.RELEASE.jar;D:\software\maven\apache-maven-3.6.1\Repository\org\springframework\spring-expression\5.1.8.RELEASE\spring-expression-5.1.8.RELEASE.jar;D:\software\maven\apache-maven-3.6.1\Repository\org\mybatis\spring\boot\mybatis-spring-boot-starter\2.1.0\mybatis-spring-boot-starter-2.1.0.jar;D:\software\maven\apache-maven-3.6.1\Repository\org\mybatis\spring\boot\mybatis-spring-boot-autoconfigure\2.1.0\mybatis-spring-boot-autoconfigure-2.1.0.jar;D:\software\maven\apache-maven-3.6.1\Repository\org\mybatis\mybatis\3.5.2\mybatis-3.5.2.jar;D:\software\maven\apache-maven-3.6.1\Repository\org\mybatis\mybatis-spring\2.0.2\mybatis-spring-2.0.2.jar;D:\software\maven\apache-maven-3.6.1\Repository\mysql\mysql-connector-java\8.0.16\mysql-connector-java-8.0.16.jar;D:\software\maven\apache-maven-3.6.1\Repository\com\alibaba\druid\1.1.8\druid-1.1.8.jar;D:\software\maven\apache-maven-3.6.1\Repository\log4j\log4j\1.2.17\log4j-1.2.17.jar;D:\software\maven\apache-maven-3.6.1\Repository\org\springframework\boot\spring-boot-starter-test\2.1.6.RELEASE\spring-boot-starter-test-2.1.6.RELEASE.jar;D:\software\maven\apache-maven-3.6.1\Repository\org\springframework\boot\spring-boot-test\2.1.6.RELEASE\spring-boot-test-2.1.6.RELEASE.jar;D:\software\maven\apache-maven-3.6.1\Repository\org\springframework\boot\spring-boot-test-autoconfigure\2.1.6.RELEASE\spring-boot-test-autoconfigure-2.1.6.RELEASE.jar;D:\software\maven\apache-maven-3.6.1\Repository\com\jayway\jsonpath\json-path\2.4.0\json-path-2.4.0.jar;D:\software\maven\apache-maven-3.6.1\Repository\net\minidev\json-smart\2.3\json-smart-2.3.jar;D:\software\maven\apache-maven-3.6.1\Repository\net\minidev\accessors-smart\1.2\accessors-smart-1.2.jar;D:\software\maven\apache-maven-3.6.1\Repository\org\ow2\asm\asm\5.0.4\asm-5.0.4.jar;D:\software\maven\apache-maven-3.6.1\Repository\junit\junit\4.12\junit-4.12.jar;D:\software\maven\apache-maven-3.6.1\Repository\org\assertj\assertj-core\3.11.1\assertj-core-3.11.1.jar;D:\software\maven\apache-maven-3.6.1\Repository\org\mockito\mockito-core\2.23.4\mockito-core-2.23.4.jar;D:\software\maven\apache-maven-3.6.1\Repository\net\bytebuddy\byte-buddy\1.9.13\byte-buddy-1.9.13.jar;D:\software\maven\apache-maven-3.6.1\Repository\net\bytebuddy\byte-buddy-agent\1.9.13\byte-buddy-agent-1.9.13.jar;D:\software\maven\apache-maven-3.6.1\Repository\org\objenesis\objenesis\2.6\objenesis-2.6.jar;D:\software\maven\apache-maven-3.6.1\Repository\org\hamcrest\hamcrest-core\1.3\hamcrest-core-1.3.jar;D:\software\maven\apache-maven-3.6.1\Repository\org\hamcrest\hamcrest-library\1.3\hamcrest-library-1.3.jar;D:\software\maven\apache-maven-3.6.1\Repository\org\skyscreamer\jsonassert\1.5.0\jsonassert-1.5.0.jar;D:\software\maven\apache-maven-3.6.1\Repository\com\vaadin\external\google\android-json\0.0.20131108.vaadin1\android-json-0.0.20131108.vaadin1.jar;D:\software\maven\apache-maven-3.6.1\Repository\org\springframework\spring-core\5.1.8.RELEASE\spring-core-5.1.8.RELEASE.jar;D:\software\maven\apache-maven-3.6.1\Repository\org\springframework\spring-jcl\5.1.8.RELEASE\spring-jcl-5.1.8.RELEASE.jar;D:\software\maven\apache-maven-3.6.1\Repository\org\springframework\spring-test\5.1.8.RELEASE\spring-test-5.1.8.RELEASE.jar;D:\software\maven\apache-maven-3.6.1\Repository\org\xmlunit\xmlunit-core\2.6.2\xmlunit-core-2.6.2.jar;"/>
    <property name="java.vm.vendor" value="Oracle Corporation"/>
    <property name="sun.arch.data.model" value="64"/>
    <property name="user.variant" value=""/>
    <property name="java.vendor.url" value="http://java.oracle.com/"/>
    <property name="user.timezone" value="Asia/Shanghai"/>
    <property name="java.vm.specification.version" value="1.8"/>
    <property name="os.name" value="Windows 10"/>
    <property name="user.country" value="CN"/>
    <property name="sun.java.launcher" value="SUN_STANDARD"/>
    <property name="sun.boot.library.path" value="D:\software\Java\JDK\jdk8\jdk-8u144-windows-x64\jre\bin"/>
    <property name="sun.java.command" value="C:\Users\user2019\AppData\Local\Temp\surefire3267646220973497009\surefirebooter2417230853129542854.jar C:\Users\user2019\AppData\Local\Temp\surefire3267646220973497009 2023-06-17T22-40-21_935-jvmRun1 surefire4212035656229596031tmp surefire_05169522921918856948tmp"/>
    <property name="surefire.test.class.path" value="C:\Users\user2019\Desktop\个人笔记文档\springboot学习笔记\springboot视频项目\spring-boot-06-data-mybatis\target\test-classes;C:\Users\user2019\Desktop\个人笔记文档\springboot学习笔记\springboot视频项目\spring-boot-06-data-mybatis\target\classes;D:\software\maven\apache-maven-3.6.1\Repository\org\springframework\boot\spring-boot-starter-jdbc\2.1.6.RELEASE\spring-boot-starter-jdbc-2.1.6.RELEASE.jar;D:\software\maven\apache-maven-3.6.1\Repository\org\springframework\boot\spring-boot-starter\2.1.6.RELEASE\spring-boot-starter-2.1.6.RELEASE.jar;D:\software\maven\apache-maven-3.6.1\Repository\org\springframework\boot\spring-boot\2.1.6.RELEASE\spring-boot-2.1.6.RELEASE.jar;D:\software\maven\apache-maven-3.6.1\Repository\org\springframework\boot\spring-boot-autoconfigure\2.1.6.RELEASE\spring-boot-autoconfigure-2.1.6.RELEASE.jar;D:\software\maven\apache-maven-3.6.1\Repository\org\springframework\boot\spring-boot-starter-logging\2.1.6.RELEASE\spring-boot-starter-logging-2.1.6.RELEASE.jar;D:\software\maven\apache-maven-3.6.1\Repository\ch\qos\logback\logback-classic\1.2.3\logback-classic-1.2.3.jar;D:\software\maven\apache-maven-3.6.1\Repository\ch\qos\logback\logback-core\1.2.3\logback-core-1.2.3.jar;D:\software\maven\apache-maven-3.6.1\Repository\org\apache\logging\log4j\log4j-to-slf4j\2.11.2\log4j-to-slf4j-2.11.2.jar;D:\software\maven\apache-maven-3.6.1\Repository\org\apache\logging\log4j\log4j-api\2.11.2\log4j-api-2.11.2.jar;D:\software\maven\apache-maven-3.6.1\Repository\org\slf4j\jul-to-slf4j\1.7.26\jul-to-slf4j-1.7.26.jar;D:\software\maven\apache-maven-3.6.1\Repository\javax\annotation\javax.annotation-api\1.3.2\javax.annotation-api-1.3.2.jar;D:\software\maven\apache-maven-3.6.1\Repository\org\yaml\snakeyaml\1.23\snakeyaml-1.23.jar;D:\software\maven\apache-maven-3.6.1\Repository\com\zaxxer\HikariCP\3.2.0\HikariCP-3.2.0.jar;D:\software\maven\apache-maven-3.6.1\Repository\org\slf4j\slf4j-api\1.7.26\slf4j-api-1.7.26.jar;D:\software\maven\apache-maven-3.6.1\Repository\org\springframework\spring-jdbc\5.1.8.RELEASE\spring-jdbc-5.1.8.RELEASE.jar;D:\software\maven\apache-maven-3.6.1\Repository\org\springframework\spring-beans\5.1.8.RELEASE\spring-beans-5.1.8.RELEASE.jar;D:\software\maven\apache-maven-3.6.1\Repository\org\springframework\spring-tx\5.1.8.RELEASE\spring-tx-5.1.8.RELEASE.jar;D:\software\maven\apache-maven-3.6.1\Repository\org\springframework\boot\spring-boot-starter-web\2.1.6.RELEASE\spring-boot-starter-web-2.1.6.RELEASE.jar;D:\software\maven\apache-maven-3.6.1\Repository\org\springframework\boot\spring-boot-starter-json\2.1.6.RELEASE\spring-boot-starter-json-2.1.6.RELEASE.jar;D:\software\maven\apache-maven-3.6.1\Repository\com\fasterxml\jackson\core\jackson-databind\2.9.9\jackson-databind-2.9.9.jar;D:\software\maven\apache-maven-3.6.1\Repository\com\fasterxml\jackson\core\jackson-annotations\2.9.0\jackson-annotations-2.9.0.jar;D:\software\maven\apache-maven-3.6.1\Repository\com\fasterxml\jackson\core\jackson-core\2.9.9\jackson-core-2.9.9.jar;D:\software\maven\apache-maven-3.6.1\Repository\com\fasterxml\jackson\datatype\jackson-datatype-jdk8\2.9.9\jackson-datatype-jdk8-2.9.9.jar;D:\software\maven\apache-maven-3.6.1\Repository\com\fasterxml\jackson\datatype\jackson-datatype-jsr310\2.9.9\jackson-datatype-jsr310-2.9.9.jar;D:\software\maven\apache-maven-3.6.1\Repository\com\fasterxml\jackson\module\jackson-module-parameter-names\2.9.9\jackson-module-parameter-names-2.9.9.jar;D:\software\maven\apache-maven-3.6.1\Repository\org\springframework\boot\spring-boot-starter-tomcat\2.1.6.RELEASE\spring-boot-starter-tomcat-2.1.6.RELEASE.jar;D:\software\maven\apache-maven-3.6.1\Repository\org\apache\tomcat\embed\tomcat-embed-core\9.0.21\tomcat-embed-core-9.0.21.jar;D:\software\maven\apache-maven-3.6.1\Repository\org\apache\tomcat\embed\tomcat-embed-el\9.0.21\tomcat-embed-el-9.0.21.jar;D:\software\maven\apache-maven-3.6.1\Repository\org\apache\tomcat\embed\tomcat-embed-websocket\9.0.21\tomcat-embed-websocket-9.0.21.jar;D:\software\maven\apache-maven-3.6.1\Repository\org\hibernate\validator\hibernate-validator\6.0.17.Final\hibernate-validator-6.0.17.Final.jar;D:\software\maven\apache-maven-3.6.1\Repository\javax\validation\validation-api\2.0.1.Final\validation-api-2.0.1.Final.jar;D:\software\maven\apache-maven-3.6.1\Repository\org\jboss\logging\jboss-logging\3.3.2.Final\jboss-logging-3.3.2.Final.jar;D:\software\maven\apache-maven-3.6.1\Repository\com\fasterxml\classmate\1.4.0\classmate-1.4.0.jar;D:\software\maven\apache-maven-3.6.1\Repository\org\springframework\spring-web\5.1.8.RELEASE\spring-web-5.1.8.RELEASE.jar;D:\software\maven\apache-maven-3.6.1\Repository\org\springframework\spring-webmvc\5.1.8.RELEASE\spring-webmvc-5.1.8.RELEASE.jar;D:\software\maven\apache-maven-3.6.1\Repository\org\springframework\spring-aop\5.1.8.RELEASE\spring-aop-5.1.8.RELEASE.jar;D:\software\maven\apache-maven-3.6.1\Repository\org\springframework\spring-context\5.1.8.RELEASE\spring-context-5.1.8.RELEASE.jar;D:\software\maven\apache-maven-3.6.1\Repository\org\springframework\spring-expression\5.1.8.RELEASE\spring-expression-5.1.8.RELEASE.jar;D:\software\maven\apache-maven-3.6.1\Repository\org\mybatis\spring\boot\mybatis-spring-boot-starter\2.1.0\mybatis-spring-boot-starter-2.1.0.jar;D:\software\maven\apache-maven-3.6.1\Repository\org\mybatis\spring\boot\mybatis-spring-boot-autoconfigure\2.1.0\mybatis-spring-boot-autoconfigure-2.1.0.jar;D:\software\maven\apache-maven-3.6.1\Repository\org\mybatis\mybatis\3.5.2\mybatis-3.5.2.jar;D:\software\maven\apache-maven-3.6.1\Repository\org\mybatis\mybatis-spring\2.0.2\mybatis-spring-2.0.2.jar;D:\software\maven\apache-maven-3.6.1\Repository\mysql\mysql-connector-java\8.0.16\mysql-connector-java-8.0.16.jar;D:\software\maven\apache-maven-3.6.1\Repository\com\alibaba\druid\1.1.8\druid-1.1.8.jar;D:\software\maven\apache-maven-3.6.1\Repository\log4j\log4j\1.2.17\log4j-1.2.17.jar;D:\software\maven\apache-maven-3.6.1\Repository\org\springframework\boot\spring-boot-starter-test\2.1.6.RELEASE\spring-boot-starter-test-2.1.6.RELEASE.jar;D:\software\maven\apache-maven-3.6.1\Repository\org\springframework\boot\spring-boot-test\2.1.6.RELEASE\spring-boot-test-2.1.6.RELEASE.jar;D:\software\maven\apache-maven-3.6.1\Repository\org\springframework\boot\spring-boot-test-autoconfigure\2.1.6.RELEASE\spring-boot-test-autoconfigure-2.1.6.RELEASE.jar;D:\software\maven\apache-maven-3.6.1\Repository\com\jayway\jsonpath\json-path\2.4.0\json-path-2.4.0.jar;D:\software\maven\apache-maven-3.6.1\Repository\net\minidev\json-smart\2.3\json-smart-2.3.jar;D:\software\maven\apache-maven-3.6.1\Repository\net\minidev\accessors-smart\1.2\accessors-smart-1.2.jar;D:\software\maven\apache-maven-3.6.1\Repository\org\ow2\asm\asm\5.0.4\asm-5.0.4.jar;D:\software\maven\apache-maven-3.6.1\Repository\junit\junit\4.12\junit-4.12.jar;D:\software\maven\apache-maven-3.6.1\Repository\org\assertj\assertj-core\3.11.1\assertj-core-3.11.1.jar;D:\software\maven\apache-maven-3.6.1\Repository\org\mockito\mockito-core\2.23.4\mockito-core-2.23.4.jar;D:\software\maven\apache-maven-3.6.1\Repository\net\bytebuddy\byte-buddy\1.9.13\byte-buddy-1.9.13.jar;D:\software\maven\apache-maven-3.6.1\Repository\net\bytebuddy\byte-buddy-agent\1.9.13\byte-buddy-agent-1.9.13.jar;D:\software\maven\apache-maven-3.6.1\Repository\org\objenesis\objenesis\2.6\objenesis-2.6.jar;D:\software\maven\apache-maven-3.6.1\Repository\org\hamcrest\hamcrest-core\1.3\hamcrest-core-1.3.jar;D:\software\maven\apache-maven-3.6.1\Repository\org\hamcrest\hamcrest-library\1.3\hamcrest-library-1.3.jar;D:\software\maven\apache-maven-3.6.1\Repository\org\skyscreamer\jsonassert\1.5.0\jsonassert-1.5.0.jar;D:\software\maven\apache-maven-3.6.1\Repository\com\vaadin\external\google\android-json\0.0.20131108.vaadin1\android-json-0.0.20131108.vaadin1.jar;D:\software\maven\apache-maven-3.6.1\Repository\org\springframework\spring-core\5.1.8.RELEASE\spring-core-5.1.8.RELEASE.jar;D:\software\maven\apache-maven-3.6.1\Repository\org\springframework\spring-jcl\5.1.8.RELEASE\spring-jcl-5.1.8.RELEASE.jar;D:\software\maven\apache-maven-3.6.1\Repository\org\springframework\spring-test\5.1.8.RELEASE\spring-test-5.1.8.RELEASE.jar;D:\software\maven\apache-maven-3.6.1\Repository\org\xmlunit\xmlunit-core\2.6.2\xmlunit-core-2.6.2.jar;"/>
    <property name="sun.cpu.endian" value="little"/>
    <property name="user.home" value="C:\Users\user2019"/>
    <property name="user.language" value="zh"/>
    <property name="java.specification.vendor" value="Oracle Corporation"/>
    <property name="java.home" value="D:\software\Java\JDK\jdk8\jdk-8u144-windows-x64\jre"/>
    <property name="basedir" value="C:\Users\user2019\Desktop\个人笔记文档\springboot学习笔记\springboot视频项目\spring-boot-06-data-mybatis"/>
    <property name="file.separator" value="\"/>
    <property name="line.separator" value="&#10;"/>
    <property name="java.vm.specification.vendor" value="Oracle Corporation"/>
    <property name="java.specification.name" value="Java Platform API Specification"/>
    <property name="java.awt.graphicsenv" value="sun.awt.Win32GraphicsEnvironment"/>
    <property name="surefire.real.class.path" value="C:\Users\user2019\AppData\Local\Temp\surefire3267646220973497009\surefirebooter2417230853129542854.jar"/>
    <property name="sun.boot.class.path" value="D:\software\Java\JDK\jdk8\jdk-8u144-windows-x64\jre\lib\resources.jar;D:\software\Java\JDK\jdk8\jdk-8u144-windows-x64\jre\lib\rt.jar;D:\software\Java\JDK\jdk8\jdk-8u144-windows-x64\jre\lib\sunrsasign.jar;D:\software\Java\JDK\jdk8\jdk-8u144-windows-x64\jre\lib\jsse.jar;D:\software\Java\JDK\jdk8\jdk-8u144-windows-x64\jre\lib\jce.jar;D:\software\Java\JDK\jdk8\jdk-8u144-windows-x64\jre\lib\charsets.jar;D:\software\Java\JDK\jdk8\jdk-8u144-windows-x64\jre\lib\jfr.jar;D:\software\Java\JDK\jdk8\jdk-8u144-windows-x64\jre\classes"/>
    <property name="user.script" value=""/>
    <property name="sun.management.compiler" value="HotSpot 64-Bit Tiered Compilers"/>
    <property name="java.runtime.version" value="1.8.0_144-b01"/>
    <property name="user.name" value="user2019"/>
    <property name="path.separator" value=";"/>
    <property name="os.version" value="10.0"/>
    <property name="java.endorsed.dirs" value="D:\software\Java\JDK\jdk8\jdk-8u144-windows-x64\jre\lib\endorsed"/>
    <property name="java.runtime.name" value="Java(TM) SE Runtime Environment"/>
    <property name="file.encoding" value="GBK"/>
    <property name="java.vm.name" value="Java HotSpot(TM) 64-Bit Server VM"/>
    <property name="localRepository" value="D:\software\maven\apache-maven-3.6.1\Repository"/>
    <property name="java.vendor.url.bug" value="http://bugreport.sun.com/bugreport/"/>
    <property name="java.io.tmpdir" value="C:\Users\user2019\AppData\Local\Temp\"/>
    <property name="java.version" value="1.8.0_144"/>
    <property name="user.dir" value="C:\Users\user2019\Desktop\个人笔记文档\springboot学习笔记\springboot视频项目\spring-boot-06-data-mybatis"/>
    <property name="os.arch" value="amd64"/>
    <property name="java.vm.specification.name" value="Java Virtual Machine Specification"/>
    <property name="java.awt.printerjob" value="sun.awt.windows.WPrinterJob"/>
    <property name="sun.os.patch.level" value=""/>
    <property name="java.library.path" value="D:\software\Java\JDK\jdk8\jdk-8u144-windows-x64\jre\bin;C:\Windows\Sun\Java\bin;C:\Windows\system32;C:\Windows;D:\software\Java\JDK\jdk8\jdk-8u144-windows-x64\bin;D:\software\Java\JDK\jdk8\jdk-8u144-windows-x64\jre\bin;D:\EXE\Oracle\product\11.2.0\dbhome_1\bin;C:\ProgramData\Oracle\Java\javapath;C:\Windows\system32;C:\Windows;C:\Windows\System32\Wbem;C:\Windows\System32\WindowsPowerShell\v1.0\;C:\Windows\System32\OpenSSH\;.;C:\Program Files (x86)\MySQL\MySQL Server 5.5\bin;D:\software\maven\apache-maven-3.6.1\bin;D:\software\tomcat\apache-tomcat-8.5.40\bin;C:\Program Files\nodejs\;D:\software\git\cmd;C:\Users\user2019\AppData\Local\Microsoft\WindowsApps;C:\Users\user2019\AppData\Roaming\npm;."/>
    <property name="java.vm.info" value="mixed mode"/>
    <property name="java.vendor" value="Oracle Corporation"/>
    <property name="java.vm.version" value="25.144-b01"/>
    <property name="java.ext.dirs" value="D:\software\Java\JDK\jdk8\jdk-8u144-windows-x64\jre\lib\ext;C:\Windows\Sun\Java\lib\ext"/>
    <property name="sun.io.unicode.encoding" value="UnicodeLittle"/>
    <property name="java.class.version" value="52.0"/>
  </properties>
  <testcase name="contextLoads" classname="com.example.springboot.SpringBoot06DataMybatisApplicationTests" time="0.47"/>
</testsuite>